
> company-checker@0.0.0 build
> tsc && vite build

[36mvite v5.4.21 [32mbuilding for production...[36m[39m
transforming...
[32mΓ£ô[39m 1465 modules transformed.
x Build failed in 4.15s
error during build:
[vite-plugin-pwa:build] [plugin vite-plugin-pwa:build] There was an error during the build:
  [vite]: Rollup failed to resolve import "@/lib/utils" from "C:/Users/ajmal/Favorites/company_checker/components/ui/badge.tsx".
This is most likely unintended because it can break your application at runtime.
If you do want to externalize this module explicitly add it to
`build.rollupOptions.external`
Additionally, handling the error in the 'buildEnd' hook caused the following error:
  [vite]: Rollup failed to resolve import "@/lib/utils" from "C:/Users/ajmal/Favorites/company_checker/components/ui/badge.tsx".
This is most likely unintended because it can break your application at runtime.
If you do want to externalize this module explicitly add it to
`build.rollupOptions.external`
    at getRollupError (file:///C:/Users/ajmal/Favorites/company_checker/node_modules/rollup/dist/es/shared/parseAst.js:401:41)
    at file:///C:/Users/ajmal/Favorites/company_checker/node_modules/rollup/dist/es/shared/node-entry.js:23467:39
    at async catchUnfinishedHookActions (file:///C:/Users/ajmal/Favorites/company_checker/node_modules/rollup/dist/es/shared/node-entry.js:22925:16)
    at async rollupInternal (file:///C:/Users/ajmal/Favorites/company_checker/node_modules/rollup/dist/es/shared/node-entry.js:23450:5)
    at async build (file:///C:/Users/ajmal/Favorites/company_checker/node_modules/vite/dist/node/chunks/dep-BK3b2jBa.js:65709:14)
    at async CAC.<anonymous> (file:///C:/Users/ajmal/Favorites/company_checker/node_modules/vite/dist/node/cli.js:829:5)
